<?xml version="1.0" encoding="UTF-8"?>
<testsuite name="comp1721.cwk1.Full" tests="6" skipped="0" failures="0" errors="0" timestamp="2021-03-04T23:06:04" hostname="DESKTOP-RSTOE79" time="0.074">
  <properties/>
  <testcase name="DatasetException if a column is missing in CSV" classname="comp1721.cwk1.Full" time="0.026"/>
  <testcase name="DatasetException if dataset too small to write active cases" classname="comp1721.cwk1.Full" time="0.002"/>
  <testcase name="Reading deletes existing data, even if file has col headings only" classname="comp1721.cwk1.Full" time="0.014"/>
  <testcase name="Daily cases are read from CSV file" classname="comp1721.cwk1.Full" time="0.004"/>
  <testcase name="Active cases written to a CSV file correctly" classname="comp1721.cwk1.Full" time="0.023"/>
  <testcase name="FileNotFoundException if CSV file cannot be found" classname="comp1721.cwk1.Full" time="0.002"/>
  <system-out><![CDATA[]]></system-out>
  <system-err><![CDATA[]]></system-err>
</testsuite>
